#
# A fatal error has been detected by the Java Runtime Environment:
#
#  Internal Error (c1_Optimizer.cpp:271), pid=4140, tid=4892
#  guarantee(x_compare_res != Constant::not_comparable) failed: incomparable constants in IfOp
#
# JRE version: 6.0_35-b10
# Java VM: Java HotSpot(TM) Client VM (20.10-b01 mixed mode, sharing windows-x86 )
# If you would like to submit a bug report, please visit:
#   http://java.sun.com/webapps/bugreport/crash.jsp
#

---------------  T H R E A D  ---------------

Current thread (0x0156a400):  JavaThread "C1 CompilerThread0" daemon [_thread_in_native, id=4892, stack(0x03950000,0x039a0000)]

Stack: [0x03950000,0x039a0000],  sp=0x0399f744,  free space=317k
Native frames: (J=compiled Java code, j=interpreted, Vv=VM code, C=native code)
V  [jvm.dll+0x133d0a]
V  [jvm.dll+0x12e91c]
V  [jvm.dll+0x2059b2]
V  [jvm.dll+0x206686]
V  [jvm.dll+0x1f0867]
V  [jvm.dll+0x1f08b6]
V  [jvm.dll+0x1f08b6]
V  [jvm.dll+0x1f08b6]
V  [jvm.dll+0x1f08b6]
V  [jvm.dll+0x1f08b6]
V  [jvm.dll+0x1f08b6]
V  [jvm.dll+0x1f08b6]
V  [jvm.dll+0x1f08b6]
V  [jvm.dll+0x1f08b6]
V  [jvm.dll+0x1f08b6]
V  [jvm.dll+0x1f08b6]
V  [jvm.dll+0x1f08b6]
V  [jvm.dll+0x1f08b6]
V  [jvm.dll+0x1f08b6]
V  [jvm.dll+0x1f08b6]
V  [jvm.dll+0x1f0dbb]
V  [jvm.dll+0x2050c0]
V  [jvm.dll+0x205181]
V  [jvm.dll+0x1f16aa]
V  [jvm.dll+0x1e38de]
V  [jvm.dll+0x1e3ee5]
V  [jvm.dll+0x1e3fec]
V  [jvm.dll+0x1e413f]
V  [jvm.dll+0x1e4394]
V  [jvm.dll+0x3dc7d]
V  [jvm.dll+0x3e7af]
V  [jvm.dll+0x119334]
V  [jvm.dll+0x14158c]
C  [msvcr71.dll+0x9565]  endthreadex+0xa0
C  [kernel32.dll+0x4ed6c]  BaseThreadInitThunk+0x12
C  [ntdll.dll+0x6377b]  RtlInitializeExceptionChain+0xef
C  [ntdll.dll+0x6374e]  RtlInitializeExceptionChain+0xc2


Current CompileTask:
C1:   5088 1057      org.hibernate.cfg.annotations.SimpleValueBinder.setType(Lorg/hibernate/annotations/common/reflection/XProperty;Lorg/hibernate/annotations/common/reflection/XClass;)V (921 bytes)


---------------  P R O C E S S  ---------------

Java Threads: ( => current thread )
  0x01571800 JavaThread "Low Memory Detector" daemon [_thread_blocked, id=4684, stack(0x039a0000,0x039f0000)]
=>0x0156a400 JavaThread "C1 CompilerThread0" daemon [_thread_in_native, id=4892, stack(0x03950000,0x039a0000)]
  0x01569400 JavaThread "Attach Listener" daemon [_thread_blocked, id=4436, stack(0x03900000,0x03950000)]
  0x01566400 JavaThread "Signal Dispatcher" daemon [_thread_blocked, id=5492, stack(0x038b0000,0x03900000)]
  0x0155ec00 JavaThread "Finalizer" daemon [_thread_blocked, id=1908, stack(0x03860000,0x038b0000)]
  0x0155d400 JavaThread "Reference Handler" daemon [_thread_blocked, id=4348, stack(0x03810000,0x03860000)]
  0x007d9400 JavaThread "main" [_thread_in_vm, id=5252, stack(0x00390000,0x003e0000)]

Other Threads:
  0x01521000 VMThread [stack: 0x037c0000,0x03810000] [id=2744]
  0x0158cc00 WatcherThread [stack: 0x039f0000,0x03a40000] [id=4464]

VM state:not at safepoint (normal execution)

VM Mutex/Monitor currently owned by a thread:  ([mutex/lock_event])
[0x007d7b60] CompiledIC_lock - owner thread: 0x00000000

Heap
 def new generation   total 4928K, used 2782K [0x23700000, 0x23c50000, 0x28c50000)
  eden space 4416K,  57% used [0x23700000, 0x239801b0, 0x23b50000)
  from space 512K,  43% used [0x23bd0000, 0x23c079f8, 0x23c50000)
  to   space 512K,   0% used [0x23b50000, 0x23b50000, 0x23bd0000)
 tenured generation   total 10944K, used 6949K [0x28c50000, 0x29700000, 0x33700000)
   the space 10944K,  63% used [0x28c50000, 0x29319728, 0x29319800, 0x29700000)
 compacting perm gen  total 12288K, used 12258K [0x33700000, 0x34300000, 0x37700000)
   the space 12288K,  99% used [0x33700000, 0x342f89b0, 0x342f8a00, 0x34300000)
    ro space 10240K,  55% used [0x37700000, 0x37c80f00, 0x37c81000, 0x38100000)
    rw space 12288K,  55% used [0x38100000, 0x387a42f0, 0x387a4400, 0x38d00000)

Code Cache  [0x015f0000, 0x018a0000, 0x035f0000)
 total_blobs=1244 nmethods=1089 adapters=90 free_code_cache=30757568 largest_free_block=256

Dynamic libraries:
0x00400000 - 0x00425000 	C:\Program Files\Java\jdk1.6.0_35\jre\bin\java.exe
0x77c60000 - 0x77d9c000 	C:\Windows\SYSTEM32\ntdll.dll
0x779c0000 - 0x77a94000 	C:\Windows\system32\kernel32.dll
0x75f50000 - 0x75f9a000 	C:\Windows\system32\KERNELBASE.dll
0x77480000 - 0x77520000 	C:\Windows\system32\ADVAPI32.dll
0x762a0000 - 0x7634c000 	C:\Windows\system32\msvcrt.dll
0x77090000 - 0x770a9000 	C:\Windows\SYSTEM32\sechost.dll
0x77680000 - 0x77721000 	C:\Windows\system32\RPCRT4.dll
0x7c340000 - 0x7c396000 	C:\Program Files\Java\jdk1.6.0_35\jre\bin\msvcr71.dll
0x6d8c0000 - 0x6db6f000 	C:\Program Files\Java\jdk1.6.0_35\jre\bin\client\jvm.dll
0x770b0000 - 0x77179000 	C:\Windows\system32\USER32.dll
0x77e30000 - 0x77e7e000 	C:\Windows\system32\GDI32.dll
0x77dd0000 - 0x77dda000 	C:\Windows\system32\LPK.dll
0x77320000 - 0x773bd000 	C:\Windows\system32\USP10.dll
0x74650000 - 0x74682000 	C:\Windows\system32\WINMM.dll
0x77db0000 - 0x77dcf000 	C:\Windows\system32\IMM32.DLL
0x778f0000 - 0x779bc000 	C:\Windows\system32\MSCTF.dll
0x75cf0000 - 0x75d3c000 	C:\Windows\system32\apphelp.dll
0x6d870000 - 0x6d87c000 	C:\Program Files\Java\jdk1.6.0_35\jre\bin\verify.dll
0x6d3d0000 - 0x6d3ef000 	C:\Program Files\Java\jdk1.6.0_35\jre\bin\java.dll
0x6d8b0000 - 0x6d8bf000 	C:\Program Files\Java\jdk1.6.0_35\jre\bin\zip.dll
0x6d600000 - 0x6d609000 	C:\Program Files\Java\jdk1.6.0_35\jre\bin\management.dll
0x77da0000 - 0x77da5000 	C:\Windows\system32\PSAPI.DLL

VM Arguments:
java_command: C:\JDeveloper\mywork\cdoe\target\surefire\surefirebooter4977351416475844992.jar C:\JDeveloper\mywork\cdoe\target\surefire\surefire9043073768748252233tmp C:\JDeveloper\mywork\cdoe\target\surefire\surefire1318188092063517307tmp
Launcher Type: SUN_STANDARD

Environment Variables:
JAVA_HOME=C:\Program Files\Java\jdk1.6.0_35
PATH=C:\OracleClient11g\product\11.2.0\client_1\bin;C:\Windows\system32;C:\Windows;C:\Windows\System32\Wbem;C:\Windows\System32\WindowsPowerShell\v1.0\;C:\Program Files\TortoiseSVN\bin;C:\Program Files\Attachmate\Reflection\;C:\Software\apache-maven-3.0.4\bin
USERNAME=dyn-9
OS=Windows_NT
PROCESSOR_IDENTIFIER=x86 Family 6 Model 26 Stepping 4, GenuineIntel



---------------  S Y S T E M  ---------------

OS: Windows 7 Build 7601 Service Pack 1

CPU:total 2 (1 cores per cpu, 1 threads per core) family 6 model 26 stepping 4, cmov, cx8, fxsr, mmx, sse, sse2, sse3, ssse3, sse4.1, sse4.2, popcnt

Memory: 4k page, physical 2096632k(516812k free), swap 4193264k(1805192k free)

vm_info: Java HotSpot(TM) Client VM (20.10-b01) for windows-x86 JRE (1.6.0_35-b10), built on Aug 28 2012 17:31:51 by "java_re" with MS VC++ 7.1 (VS2003)

time: Mon Oct 01 13:42:00 2012
elapsed time: 5 seconds

